  main.cpp
f:\проги\visualizzz\visualizzz\main.cpp(260): warning C4244: аргумент: преобразование "int" в "T", возможна потеря данных
          with
          [
              T=float
          ]
f:\проги\visualizzz\visualizzz\main.cpp(261): warning C4244: аргумент: преобразование "int" в "T", возможна потеря данных
          with
          [
              T=float
          ]
f:\проги\visualizzz\visualizzz\main.cpp(286): warning C4244: аргумент: преобразование "int" в "T", возможна потеря данных
          with
          [
              T=float
          ]
f:\проги\visualizzz\visualizzz\main.cpp(287): warning C4244: аргумент: преобразование "int" в "T", возможна потеря данных
          with
          [
              T=float
          ]
f:\проги\visualizzz\visualizzz\main.cpp(310): warning C4244: аргумент: преобразование "int" в "T", возможна потеря данных
          with
          [
              T=float
          ]
f:\проги\visualizzz\visualizzz\main.cpp(311): warning C4244: аргумент: преобразование "int" в "T", возможна потеря данных
          with
          [
              T=float
          ]
f:\проги\visualizzz\visualizzz\main.cpp(333): warning C4326: возвращаемый тип "main" должен быть "int", а не "void"
f:\проги\visualizzz\visualizzz\main.cpp(335): warning C4244: аргумент: преобразование "time_t" в "unsigned int", возможна потеря данных
f:\проги\visualizzz\visualizzz\main.cpp(359): warning C4244: аргумент: преобразование "int" в "T", возможна потеря данных
          with
          [
              T=float
          ]
f:\проги\visualizzz\visualizzz\main.cpp(360): warning C4244: аргумент: преобразование "int" в "T", возможна потеря данных
          with
          [
              T=float
          ]
  visualizzz.vcxproj -> F:\ПРОГИ\visualizzz\Debug\visualizzz.exe
